mode: set
github.com/pcekm/graphping/internal/privileged/messages.go:57.38,58.11 1 0
github.com/pcekm/graphping/internal/privileged/messages.go:59.19,60.23 1 0
github.com/pcekm/graphping/internal/privileged/messages.go:61.24,62.28 1 0
github.com/pcekm/graphping/internal/privileged/messages.go:63.25,64.29 1 0
github.com/pcekm/graphping/internal/privileged/messages.go:65.30,66.34 1 0
github.com/pcekm/graphping/internal/privileged/messages.go:67.26,68.30 1 0
github.com/pcekm/graphping/internal/privileged/messages.go:69.19,70.23 1 0
github.com/pcekm/graphping/internal/privileged/messages.go:71.20,72.24 1 0
github.com/pcekm/graphping/internal/privileged/messages.go:73.10,74.40 1 0
github.com/pcekm/graphping/internal/privileged/messages.go:84.60,86.16 2 1
github.com/pcekm/graphping/internal/privileged/messages.go:86.16,88.3 1 1
github.com/pcekm/graphping/internal/privileged/messages.go:89.2,89.18 1 1
github.com/pcekm/graphping/internal/privileged/messages.go:90.19,91.26 1 1
github.com/pcekm/graphping/internal/privileged/messages.go:92.24,93.31 1 1
github.com/pcekm/graphping/internal/privileged/messages.go:94.25,95.32 1 1
github.com/pcekm/graphping/internal/privileged/messages.go:96.30,97.37 1 1
github.com/pcekm/graphping/internal/privileged/messages.go:98.26,99.33 1 1
github.com/pcekm/graphping/internal/privileged/messages.go:100.19,101.26 1 1
github.com/pcekm/graphping/internal/privileged/messages.go:102.20,103.27 1 1
github.com/pcekm/graphping/internal/privileged/messages.go:104.10,105.18 1 1
github.com/pcekm/graphping/internal/privileged/messages.go:122.58,127.16 3 1
github.com/pcekm/graphping/internal/privileged/messages.go:127.16,129.3 1 1
github.com/pcekm/graphping/internal/privileged/messages.go:130.2,134.16 3 1
github.com/pcekm/graphping/internal/privileged/messages.go:134.16,136.3 1 1
github.com/pcekm/graphping/internal/privileged/messages.go:139.2,139.20 1 1
github.com/pcekm/graphping/internal/privileged/messages.go:139.20,141.17 2 1
github.com/pcekm/graphping/internal/privileged/messages.go:141.17,143.4 1 1
github.com/pcekm/graphping/internal/privileged/messages.go:144.3,145.25 2 1
github.com/pcekm/graphping/internal/privileged/messages.go:145.25,147.18 2 1
github.com/pcekm/graphping/internal/privileged/messages.go:147.18,149.5 1 1
github.com/pcekm/graphping/internal/privileged/messages.go:151.3,151.35 1 1
github.com/pcekm/graphping/internal/privileged/messages.go:154.2,154.17 1 1
github.com/pcekm/graphping/internal/privileged/messages.go:158.57,159.33 1 1
github.com/pcekm/graphping/internal/privileged/messages.go:159.33,161.3 1 1
github.com/pcekm/graphping/internal/privileged/messages.go:162.2,163.29 2 1
github.com/pcekm/graphping/internal/privileged/messages.go:163.29,164.31 1 1
github.com/pcekm/graphping/internal/privileged/messages.go:164.31,166.4 1 1
github.com/pcekm/graphping/internal/privileged/messages.go:167.3,168.28 2 1
github.com/pcekm/graphping/internal/privileged/messages.go:170.2,171.22 2 1
github.com/pcekm/graphping/internal/privileged/messages.go:176.49,177.20 1 1
github.com/pcekm/graphping/internal/privileged/messages.go:177.20,179.3 1 0
github.com/pcekm/graphping/internal/privileged/messages.go:183.50,185.22 2 1
github.com/pcekm/graphping/internal/privileged/messages.go:185.22,187.3 1 1
github.com/pcekm/graphping/internal/privileged/messages.go:188.2,188.12 1 1
github.com/pcekm/graphping/internal/privileged/messages.go:192.76,193.22 1 1
github.com/pcekm/graphping/internal/privileged/messages.go:193.22,195.3 1 0
github.com/pcekm/graphping/internal/privileged/messages.go:196.2,197.16 2 1
github.com/pcekm/graphping/internal/privileged/messages.go:209.73,210.22 1 1
github.com/pcekm/graphping/internal/privileged/messages.go:210.22,212.3 1 0
github.com/pcekm/graphping/internal/privileged/messages.go:213.2,215.16 3 1
github.com/pcekm/graphping/internal/privileged/messages.go:215.16,217.3 1 1
github.com/pcekm/graphping/internal/privileged/messages.go:218.2,219.65 2 1
github.com/pcekm/graphping/internal/privileged/messages.go:219.65,221.3 1 1
github.com/pcekm/graphping/internal/privileged/messages.go:222.2,223.16 2 1
github.com/pcekm/graphping/internal/privileged/messages.go:223.16,225.3 1 1
github.com/pcekm/graphping/internal/privileged/messages.go:226.2,228.16 3 1
github.com/pcekm/graphping/internal/privileged/messages.go:228.16,230.3 1 1
github.com/pcekm/graphping/internal/privileged/messages.go:231.2,231.20 1 1
github.com/pcekm/graphping/internal/privileged/messages.go:231.20,233.3 1 1
github.com/pcekm/graphping/internal/privileged/messages.go:234.2,234.20 1 1
github.com/pcekm/graphping/internal/privileged/messages.go:234.20,236.3 1 1
github.com/pcekm/graphping/internal/privileged/messages.go:237.2,242.17 2 1
github.com/pcekm/graphping/internal/privileged/messages.go:246.46,253.34 5 1
github.com/pcekm/graphping/internal/privileged/messages.go:253.34,255.3 1 0
github.com/pcekm/graphping/internal/privileged/messages.go:256.2,258.20 3 1
github.com/pcekm/graphping/internal/privileged/messages.go:264.53,267.2 2 1
github.com/pcekm/graphping/internal/privileged/messages.go:269.60,271.2 1 1
github.com/pcekm/graphping/internal/privileged/messages.go:278.58,281.2 2 1
github.com/pcekm/graphping/internal/privileged/messages.go:283.70,285.2 1 1
github.com/pcekm/graphping/internal/privileged/messages.go:290.59,293.2 2 1
github.com/pcekm/graphping/internal/privileged/messages.go:295.72,297.2 1 1
github.com/pcekm/graphping/internal/privileged/messages.go:305.66,311.2 2 1
github.com/pcekm/graphping/internal/privileged/messages.go:313.82,315.22 2 1
github.com/pcekm/graphping/internal/privileged/messages.go:315.22,317.3 1 1
github.com/pcekm/graphping/internal/privileged/messages.go:318.2,319.17 2 1
github.com/pcekm/graphping/internal/privileged/messages.go:328.62,334.2 2 1
github.com/pcekm/graphping/internal/privileged/messages.go:336.74,338.22 2 1
github.com/pcekm/graphping/internal/privileged/messages.go:338.22,340.3 1 1
github.com/pcekm/graphping/internal/privileged/messages.go:341.2,342.17 2 1
github.com/pcekm/graphping/internal/privileged/messages.go:355.55,364.2 2 1
github.com/pcekm/graphping/internal/privileged/messages.go:366.60,368.22 2 1
github.com/pcekm/graphping/internal/privileged/messages.go:368.22,370.3 1 1
github.com/pcekm/graphping/internal/privileged/messages.go:371.2,372.16 2 1
github.com/pcekm/graphping/internal/privileged/messages.go:372.16,374.3 1 0
github.com/pcekm/graphping/internal/privileged/messages.go:375.2,376.17 2 1
github.com/pcekm/graphping/internal/privileged/messages.go:389.56,398.2 2 1
github.com/pcekm/graphping/internal/privileged/messages.go:399.62,401.22 2 1
github.com/pcekm/graphping/internal/privileged/messages.go:401.22,403.3 1 1
github.com/pcekm/graphping/internal/privileged/messages.go:404.2,405.16 2 1
github.com/pcekm/graphping/internal/privileged/messages.go:405.16,407.3 1 0
github.com/pcekm/graphping/internal/privileged/messages.go:408.2,409.17 2 1
github.com/pcekm/graphping/internal/privileged/privileged.go:82.19,83.54 1 0
github.com/pcekm/graphping/internal/privileged/privileged.go:83.54,87.3 3 0
github.com/pcekm/graphping/internal/privileged/privileged.go:88.2,88.41 1 0
github.com/pcekm/graphping/internal/privileged/privileged.go:88.41,90.3 1 0
github.com/pcekm/graphping/internal/privileged/privileged.go:99.30,104.2 1 0
github.com/pcekm/graphping/internal/privileged/privileged.go:107.28,109.2 1 0
github.com/pcekm/graphping/internal/privileged/privileged.go:111.29,114.17 3 0
github.com/pcekm/graphping/internal/privileged/privileged.go:114.17,120.3 2 0
github.com/pcekm/graphping/internal/privileged/privileged.go:123.2,123.44 1 0
github.com/pcekm/graphping/internal/privileged/privileged.go:123.44,125.3 1 0
github.com/pcekm/graphping/internal/privileged/privileged.go:128.2,128.43 1 0
github.com/pcekm/graphping/internal/privileged/privileged.go:128.43,130.3 1 0
github.com/pcekm/graphping/internal/privileged/privileged.go:133.2,133.43 1 0
github.com/pcekm/graphping/internal/privileged/privileged.go:133.43,135.3 1 0
github.com/pcekm/graphping/internal/privileged/privileged.go:138.2,138.43 1 0
github.com/pcekm/graphping/internal/privileged/privileged.go:138.43,140.3 1 0
github.com/pcekm/graphping/internal/privileged/privileged.go:142.2,142.12 1 0
